<?xml version="1.0" encoding="UTF-8"?>
<testsuite xmlns:xsi="http://www.w3.org/2001/XMLSchema-instance" xsi:noNamespaceSchemaLocation="https://maven.apache.org/surefire/maven-surefire-plugin/xsd/surefire-test-report.xsd" version="3.0.2" name="com.example.documentservice.DocumentServiceApplicationTests" time="8.574" tests="1" errors="0" skipped="0" failures="0">
  <properties>
[...]
</properties>
  <testcase name="contextLoads" classname="com.example.documentservice.DocumentServiceApplicationTests" time="0.65">
    <system-out><![CDATA[14:54:50.949 [main] INFO org.springframework.test.context.support.AnnotationConfigContextLoaderUtils -- Could not detect default configuration classes for test class [com.example.documentservice.DocumentServiceApplicationTests]: DocumentServiceApplicationTests does not declare any static, non-private, non-final, nested classes annotated with @Configuration.
14:54:51.085 [main] INFO org.springframework.boot.test.context.SpringBootTestContextBootstrapper -- Found @SpringBootConfiguration com.example.documentservice.DocumentServiceApplication for test class com.example.documentservice.DocumentServiceApplicationTests
14:54:51.321 [main] INFO org.springframework.boot.devtools.restart.RestartApplicationListener -- Restart disabled due to context in which it is running

  .   ____          _            __ _ _
 /\\ / ___'_ __ _ _(_)_ __  __ _ \ \ \ \
( ( )\___ | '_ | '_| | '_ \/ _` | \ \ \ \
 \\/  ___)| |_)| | | | | || (_| |  ) ) ) )
  '  |____| .__|_| |_|_| |_\__, | / / / /
 =========|_|==============|___/=/_/_/_/

 :: Spring Boot ::                (v4.0.0)

2025-12-28T14:54:51.732+01:00  INFO 57172 --- [DOCUMENT-SERVICE] [           main] c.e.d.DocumentServiceApplicationTests    : Starting DocumentServiceApplicationTests using Java 21 with PID 57172 (started by dell in C:\Users\dell\OneDrive\Bureau\cours\fstm\S3\BidConnect\DOCUMENT-SERVICE)
2025-12-28T14:54:51.736+01:00  INFO 57172 --- [DOCUMENT-SERVICE] [           main] c.e.d.DocumentServiceApplicationTests    : No active profile set, falling back to 1 default profile: "default"
2025-12-28T14:54:52.960+01:00  INFO 57172 --- [DOCUMENT-SERVICE] [           main] .s.d.r.c.RepositoryConfigurationDelegate : Bootstrapping Spring Data JPA repositories in DEFAULT mode.
2025-12-28T14:54:53.036+01:00  INFO 57172 --- [DOCUMENT-SERVICE] [           main] .s.d.r.c.RepositoryConfigurationDelegate : Finished Spring Data repository scanning in 63 ms. Found 1 JPA repository interface.
2025-12-28T14:54:53.862+01:00  INFO 57172 --- [DOCUMENT-SERVICE] [           main] o.hibernate.jpa.internal.util.LogHelper  : HHH000204: Processing PersistenceUnitInfo [name: default]
2025-12-28T14:54:53.959+01:00  INFO 57172 --- [DOCUMENT-SERVICE] [           main] org.hibernate.Version                    : HHH000412: Hibernate ORM core version 7.1.8.Final
2025-12-28T14:54:54.790+01:00  INFO 57172 --- [DOCUMENT-SERVICE] [           main] o.s.o.j.p.SpringPersistenceUnitInfo      : No LoadTimeWeaver setup: ignoring JPA class transformer
2025-12-28T14:54:54.841+01:00  INFO 57172 --- [DOCUMENT-SERVICE] [           main] com.zaxxer.hikari.HikariDataSource       : HikariPool-1 - Starting...
2025-12-28T14:54:55.101+01:00  INFO 57172 --- [DOCUMENT-SERVICE] [           main] com.zaxxer.hikari.pool.HikariPool        : HikariPool-1 - Added connection conn0: url=jdbc:h2:mem:documentdb user=LAFWAN
2025-12-28T14:54:55.104+01:00  INFO 57172 --- [DOCUMENT-SERVICE] [           main] com.zaxxer.hikari.HikariDataSource       : HikariPool-1 - Start completed.
2025-12-28T14:54:55.136+01:00  WARN 57172 --- [DOCUMENT-SERVICE] [           main] org.hibernate.orm.deprecation            : HHH90000025: H2Dialect does not need to be specified explicitly using 'hibernate.dialect' (remove the property setting and it will be selected by default)
2025-12-28T14:54:55.170+01:00  INFO 57172 --- [DOCUMENT-SERVICE] [           main] org.hibernate.orm.connections.pooling    : HHH10001005: Database info:
	Database JDBC URL [jdbc:h2:mem:documentdb]
	Database driver: H2 JDBC Driver
	Database dialect: H2Dialect
	Database version: 2.4.240
	Default catalog/schema: DOCUMENTDB/PUBLIC
	Autocommit mode: undefined/unknown
	Isolation level: READ_COMMITTED [default READ_COMMITTED]
	JDBC fetch size: 100
	Pool: DatasourceConnectionProviderImpl
	Minimum pool size: undefined/unknown
	Maximum pool size: undefined/unknown
2025-12-28T14:54:56.496+01:00  INFO 57172 --- [DOCUMENT-SERVICE] [           main] o.h.e.t.j.p.i.JtaPlatformInitiator       : HHH000489: No JTA platform available (set 'hibernate.transaction.jta.platform' to enable JTA platform integration)
2025-12-28T14:54:56.585+01:00  INFO 57172 --- [DOCUMENT-SERVICE] [           main] j.LocalContainerEntityManagerFactoryBean : Initialized JPA EntityManagerFactory for persistence unit 'default'
2025-12-28T14:54:57.083+01:00  INFO 57172 --- [DOCUMENT-SERVICE] [           main] o.s.d.j.r.query.QueryEnhancerFactories   : Hibernate is in classpath; If applicable, HQL parser will be used.
2025-12-28T14:54:57.346+01:00  WARN 57172 --- [DOCUMENT-SERVICE] [           main] JpaBaseConfiguration$JpaWebConfiguration : spring.jpa.open-in-view is enabled by default. Therefore, database queries may be performed during view rendering. Explicitly configure spring.jpa.open-in-view to disable this warning
2025-12-28T14:54:58.326+01:00  INFO 57172 --- [DOCUMENT-SERVICE] [           main] o.s.b.a.e.web.EndpointLinksResolver      : Exposing 1 endpoint beneath base path '/actuator'
2025-12-28T14:54:58.418+01:00  INFO 57172 --- [DOCUMENT-SERVICE] [           main] c.e.d.DocumentServiceApplicationTests    : Started DocumentServiceApplicationTests in 7.114 seconds (process running for 8.928)
]]></system-out>
    <system-err><![CDATA[Mockito is currently self-attaching to enable the inline-mock-maker. This will no longer work in future releases of the JDK. Please add Mockito as an agent to your build as described in Mockito's documentation: https://javadoc.io/doc/org.mockito/mockito-core/latest/org.mockito/org/mockito/Mockito.html#0.3
WARNING: A Java agent has been loaded dynamically (C:\Users\dell\.m2\repository\net\bytebuddy\byte-buddy-agent\1.17.8\byte-buddy-agent-1.17.8.jar)
WARNING: If a serviceability tool is in use, please run with -XX:+EnableDynamicAgentLoading to hide this warning
WARNING: If a serviceability tool is not in use, please run with -Djdk.instrument.traceUsage for more information
WARNING: Dynamic loading of agents will be disallowed by default in a future release
]]></system-err>
  </testcase>
</testsuite>